23:10:27,280  INFO main VerifyCityWeatherIdByZipCodeTest:verifyCityGeoLocationLatitudeTest:32 - io.restassured.internal.RestAssuredResponseImpl@36a5cabc
23:11:14,705 DEBUG main BasicClientConnectionManager:getConnection:164 - Get connection for route {}->http://api.openweathermap.org:80
23:11:14,716 DEBUG main DefaultClientConnectionOperator:openConnection:176 - Connecting to api.openweathermap.org:80
23:11:14,791 DEBUG main RequestAddCookies:process:122 - CookieSpec selected: ignoreCookies
23:11:14,791 DEBUG main RequestAuthCache:process:76 - Auth cache not set in the context
23:11:14,791 DEBUG main RequestTargetAuthentication:process:79 - Target auth state: UNCHALLENGED
23:11:14,791 DEBUG main RequestProxyAuthentication:process:88 - Proxy auth state: UNCHALLENGED
23:11:14,791 DEBUG main DefaultHttpClient:tryExecute:684 - Attempt 1 to execute request
23:11:14,791 DEBUG main DefaultClientConnection:sendRequestHeader:276 - Sending request: GET /data/2.5/weather/?zip=94040%2Cus&APPID=c893442b753870781d1f92e6457cd9a3 HTTP/1.1
23:11:14,791 DEBUG main wire:wire:72 -  >> "GET /data/2.5/weather/?zip=94040%2Cus&APPID=c893442b753870781d1f92e6457cd9a3 HTTP/1.1[\r][\n]"
23:11:14,791 DEBUG main wire:wire:72 -  >> "Accept: */*[\r][\n]"
23:11:14,791 DEBUG main wire:wire:72 -  >> "Content-Length: 0[\r][\n]"
23:11:14,791 DEBUG main wire:wire:72 -  >> "Host: api.openweathermap.org[\r][\n]"
23:11:14,791 DEBUG main wire:wire:72 -  >> "Connection: Keep-Alive[\r][\n]"
23:11:14,791 DEBUG main wire:wire:72 -  >> "User-Agent: Apache-HttpClient/4.5.2 (Java/1.8.0_112)[\r][\n]"
23:11:14,791 DEBUG main wire:wire:72 -  >> "Accept-Encoding: gzip,deflate[\r][\n]"
23:11:14,791 DEBUG main wire:wire:72 -  >> "[\r][\n]"
23:11:14,791 DEBUG main headers:sendRequestHeader:280 - >> GET /data/2.5/weather/?zip=94040%2Cus&APPID=c893442b753870781d1f92e6457cd9a3 HTTP/1.1
23:11:14,791 DEBUG main headers:sendRequestHeader:283 - >> Accept: */*
23:11:14,791 DEBUG main headers:sendRequestHeader:283 - >> Content-Length: 0
23:11:14,791 DEBUG main headers:sendRequestHeader:283 - >> Host: api.openweathermap.org
23:11:14,791 DEBUG main headers:sendRequestHeader:283 - >> Connection: Keep-Alive
23:11:14,791 DEBUG main headers:sendRequestHeader:283 - >> User-Agent: Apache-HttpClient/4.5.2 (Java/1.8.0_112)
23:11:14,791 DEBUG main headers:sendRequestHeader:283 - >> Accept-Encoding: gzip,deflate
23:11:14,940 DEBUG main wire:wire:72 -  << "HTTP/1.1 200 OK[\r][\n]"
23:11:14,955 DEBUG main wire:wire:72 -  << "Server: openresty[\r][\n]"
23:11:14,955 DEBUG main wire:wire:72 -  << "Date: Mon, 09 Jan 2017 20:11:11 GMT[\r][\n]"
23:11:14,955 DEBUG main wire:wire:72 -  << "Content-Type: application/json; charset=utf-8[\r][\n]"
23:11:14,955 DEBUG main wire:wire:72 -  << "Content-Length: 453[\r][\n]"
23:11:14,955 DEBUG main wire:wire:72 -  << "Connection: keep-alive[\r][\n]"
23:11:14,955 DEBUG main wire:wire:72 -  << "X-Cache-Key: /data/2.5/weather/?APPID=c893442b753870781d1f92e6457cd9a3&zip=94040%2cus[\r][\n]"
23:11:14,955 DEBUG main wire:wire:72 -  << "Access-Control-Allow-Origin: *[\r][\n]"
23:11:14,955 DEBUG main wire:wire:72 -  << "Cache-Control: no-cache, must-revalidate[\r][\n]"
23:11:14,955 DEBUG main wire:wire:72 -  << "Pragma: no-cache[\r][\n]"
23:11:14,955 DEBUG main wire:wire:72 -  << "X-Powered-By: Fat-Free Framework (http://fatfree.sourceforge.net)[\r][\n]"
23:11:14,955 DEBUG main wire:wire:72 -  << "Access-Control-Allow-Credentials: true[\r][\n]"
23:11:14,955 DEBUG main wire:wire:72 -  << "Access-Control-Allow-Methods: GET, POST[\r][\n]"
23:11:14,955 DEBUG main wire:wire:72 -  << "[\r][\n]"
23:11:14,955 DEBUG main DefaultClientConnection:receiveResponseHeader:261 - Receiving response: HTTP/1.1 200 OK
23:11:14,955 DEBUG main headers:receiveResponseHeader:264 - << HTTP/1.1 200 OK
23:11:14,955 DEBUG main headers:receiveResponseHeader:267 - << Server: openresty
23:11:14,955 DEBUG main headers:receiveResponseHeader:267 - << Date: Mon, 09 Jan 2017 20:11:11 GMT
23:11:14,955 DEBUG main headers:receiveResponseHeader:267 - << Content-Type: application/json; charset=utf-8
23:11:14,955 DEBUG main headers:receiveResponseHeader:267 - << Content-Length: 453
23:11:14,955 DEBUG main headers:receiveResponseHeader:267 - << Connection: keep-alive
23:11:14,955 DEBUG main headers:receiveResponseHeader:267 - << X-Cache-Key: /data/2.5/weather/?APPID=c893442b753870781d1f92e6457cd9a3&zip=94040%2cus
23:11:14,955 DEBUG main headers:receiveResponseHeader:267 - << Access-Control-Allow-Origin: *
23:11:14,955 DEBUG main headers:receiveResponseHeader:267 - << Cache-Control: no-cache, must-revalidate
23:11:14,955 DEBUG main headers:receiveResponseHeader:267 - << Pragma: no-cache
23:11:14,955 DEBUG main headers:receiveResponseHeader:267 - << X-Powered-By: Fat-Free Framework (http://fatfree.sourceforge.net)
23:11:14,955 DEBUG main headers:receiveResponseHeader:267 - << Access-Control-Allow-Credentials: true
23:11:14,955 DEBUG main headers:receiveResponseHeader:267 - << Access-Control-Allow-Methods: GET, POST
23:11:14,975 DEBUG main DefaultHttpClient:execute:511 - Connection can be kept alive indefinitely
23:11:14,994 DEBUG main RequestSpecificationImpl$RestAssuredHttpBuilder:parseResponse:544 - Parsing response as: application/json; charset=utf-8
23:11:14,994 DEBUG main RequestSpecificationImpl$RestAssuredHttpBuilder:parseResponse:547 - Parsed data to instance of: class org.apache.http.conn.EofSensorInputStream
23:11:14,994  INFO main VerifyCityWeatherIdByZipCodeTest:verifyCityGeoLocationLatitudeTest:32 - io.restassured.internal.RestAssuredResponseImpl@36b4091c
23:11:15,019 DEBUG main wire:wire:86 -  << "{"coord":{"lon":-122.09,"lat":37.39},"sys":{"type":1,"id":451,"message":0.1908,"country":"US","sunrise":1483975357,"sunset":1484010550},"weather":[{"id":804,"main":"Clouds","description":"overcast clouds","icon":"04d"}],"base":"stations","main":{"temp":287.04,"pressure":1020,"humidity":71,"temp_min":286.15,"temp_max":288.15},"visibility":16093,"wind":{"speed":3.1,"deg":180},"clouds":{"all":90},"dt":1483988160,"id":0,"name":"Mountain View","cod":200}"
23:11:15,020 DEBUG main BasicClientConnectionManager:releaseConnection:203 - Releasing connection org.apache.http.impl.conn.ManagedClientConnectionImpl@291a7e3c
23:11:15,020 DEBUG main BasicClientConnectionManager:releaseConnection:228 - Connection can be kept alive indefinitely
23:23:50,070 DEBUG main BasicClientConnectionManager:getConnection:164 - Get connection for route {}->http://api.openweathermap.org:80
23:23:50,088 DEBUG main DefaultClientConnectionOperator:openConnection:176 - Connecting to api.openweathermap.org:80
23:23:50,171 DEBUG main RequestAddCookies:process:122 - CookieSpec selected: ignoreCookies
23:23:50,173 DEBUG main RequestAuthCache:process:76 - Auth cache not set in the context
23:23:50,174 DEBUG main RequestTargetAuthentication:process:79 - Target auth state: UNCHALLENGED
23:23:50,175 DEBUG main RequestProxyAuthentication:process:88 - Proxy auth state: UNCHALLENGED
23:23:50,175 DEBUG main DefaultHttpClient:tryExecute:684 - Attempt 1 to execute request
23:23:50,175 DEBUG main DefaultClientConnection:sendRequestHeader:276 - Sending request: GET /data/2.5/weather/?q=Brest%2Cby&mode=xml&APPID=c893442b753870781d1f92e6457cd9a3 HTTP/1.1
23:23:50,176 DEBUG main wire:wire:72 -  >> "GET /data/2.5/weather/?q=Brest%2Cby&mode=xml&APPID=c893442b753870781d1f92e6457cd9a3 HTTP/1.1[\r][\n]"
23:23:50,177 DEBUG main wire:wire:72 -  >> "Accept: */*[\r][\n]"
23:23:50,177 DEBUG main wire:wire:72 -  >> "Content-Length: 0[\r][\n]"
23:23:50,177 DEBUG main wire:wire:72 -  >> "Host: api.openweathermap.org[\r][\n]"
23:23:50,178 DEBUG main wire:wire:72 -  >> "Connection: Keep-Alive[\r][\n]"
23:23:50,178 DEBUG main wire:wire:72 -  >> "User-Agent: Apache-HttpClient/4.5.2 (Java/1.8.0_112)[\r][\n]"
23:23:50,178 DEBUG main wire:wire:72 -  >> "Accept-Encoding: gzip,deflate[\r][\n]"
23:23:50,178 DEBUG main wire:wire:72 -  >> "[\r][\n]"
23:23:50,179 DEBUG main headers:sendRequestHeader:280 - >> GET /data/2.5/weather/?q=Brest%2Cby&mode=xml&APPID=c893442b753870781d1f92e6457cd9a3 HTTP/1.1
23:23:50,180 DEBUG main headers:sendRequestHeader:283 - >> Accept: */*
23:23:50,180 DEBUG main headers:sendRequestHeader:283 - >> Content-Length: 0
23:23:50,181 DEBUG main headers:sendRequestHeader:283 - >> Host: api.openweathermap.org
23:23:50,181 DEBUG main headers:sendRequestHeader:283 - >> Connection: Keep-Alive
23:23:50,181 DEBUG main headers:sendRequestHeader:283 - >> User-Agent: Apache-HttpClient/4.5.2 (Java/1.8.0_112)
23:23:50,181 DEBUG main headers:sendRequestHeader:283 - >> Accept-Encoding: gzip,deflate
23:23:50,607 DEBUG main wire:wire:72 -  << "HTTP/1.1 200 OK[\r][\n]"
23:23:50,610 DEBUG main wire:wire:72 -  << "Server: openresty[\r][\n]"
23:23:50,611 DEBUG main wire:wire:72 -  << "Date: Mon, 09 Jan 2017 20:23:47 GMT[\r][\n]"
23:23:50,612 DEBUG main wire:wire:72 -  << "Content-Type: text/xml; charset=utf-8[\r][\n]"
23:23:50,613 DEBUG main wire:wire:72 -  << "Content-Length: 697[\r][\n]"
23:23:50,614 DEBUG main wire:wire:72 -  << "Connection: keep-alive[\r][\n]"
23:23:50,614 DEBUG main wire:wire:72 -  << "X-Cache-Key: /data/2.5/weather/?APPID=c893442b753870781d1f92e6457cd9a3&mode=xml&q=brest%2cby[\r][\n]"
23:23:50,615 DEBUG main wire:wire:72 -  << "Access-Control-Allow-Origin: *[\r][\n]"
23:23:50,616 DEBUG main wire:wire:72 -  << "Cache-Control: no-cache, must-revalidate[\r][\n]"
23:23:50,619 DEBUG main wire:wire:72 -  << "Pragma: no-cache[\r][\n]"
23:23:50,620 DEBUG main wire:wire:72 -  << "X-Powered-By: Fat-Free Framework (http://fatfree.sourceforge.net)[\r][\n]"
23:23:50,620 DEBUG main wire:wire:72 -  << "Access-Control-Allow-Credentials: true[\r][\n]"
23:23:50,621 DEBUG main wire:wire:72 -  << "Access-Control-Allow-Methods: GET, POST[\r][\n]"
23:23:50,622 DEBUG main wire:wire:72 -  << "[\r][\n]"
23:23:50,624 DEBUG main DefaultClientConnection:receiveResponseHeader:261 - Receiving response: HTTP/1.1 200 OK
23:23:50,625 DEBUG main headers:receiveResponseHeader:264 - << HTTP/1.1 200 OK
23:23:50,625 DEBUG main headers:receiveResponseHeader:267 - << Server: openresty
23:23:50,626 DEBUG main headers:receiveResponseHeader:267 - << Date: Mon, 09 Jan 2017 20:23:47 GMT
23:23:50,627 DEBUG main headers:receiveResponseHeader:267 - << Content-Type: text/xml; charset=utf-8
23:23:50,627 DEBUG main headers:receiveResponseHeader:267 - << Content-Length: 697
23:23:50,628 DEBUG main headers:receiveResponseHeader:267 - << Connection: keep-alive
23:23:50,629 DEBUG main headers:receiveResponseHeader:267 - << X-Cache-Key: /data/2.5/weather/?APPID=c893442b753870781d1f92e6457cd9a3&mode=xml&q=brest%2cby
23:23:50,630 DEBUG main headers:receiveResponseHeader:267 - << Access-Control-Allow-Origin: *
23:23:50,630 DEBUG main headers:receiveResponseHeader:267 - << Cache-Control: no-cache, must-revalidate
23:23:50,630 DEBUG main headers:receiveResponseHeader:267 - << Pragma: no-cache
23:23:50,631 DEBUG main headers:receiveResponseHeader:267 - << X-Powered-By: Fat-Free Framework (http://fatfree.sourceforge.net)
23:23:50,632 DEBUG main headers:receiveResponseHeader:267 - << Access-Control-Allow-Credentials: true
23:23:50,632 DEBUG main headers:receiveResponseHeader:267 - << Access-Control-Allow-Methods: GET, POST
23:23:50,636 DEBUG main DefaultHttpClient:execute:511 - Connection can be kept alive indefinitely
23:23:50,656 DEBUG main RequestSpecificationImpl$RestAssuredHttpBuilder:parseResponse:544 - Parsing response as: text/xml; charset=utf-8
23:23:50,657 DEBUG main RequestSpecificationImpl$RestAssuredHttpBuilder:parseResponse:547 - Parsed data to instance of: class org.apache.http.conn.EofSensorInputStream
23:23:50,689 DEBUG main wire:wire:72 -  << "<?xml version="1.0" encoding="utf-8"?>[\n]"
23:23:50,689 DEBUG main wire:wire:72 -  << "<current>[\n]"
23:23:50,689 DEBUG main wire:wire:72 -  << "  <city id="629634" name="Brest">[\n]"
23:23:50,689 DEBUG main wire:wire:72 -  << "    <coord lon="23.7" lat="52.1"/>[\n]"
23:23:50,690 DEBUG main wire:wire:72 -  << "    <country>BY</country>[\n]"
23:23:50,690 DEBUG main wire:wire:72 -  << "    <sun rise="2017-01-09T06:30:28" set="2017-01-09T14:34:42"/>[\n]"
23:23:50,690 DEBUG main wire:wire:72 -  << "  </city>[\n]"
23:23:50,690 DEBUG main wire:wire:72 -  << "  <temperature value="256.87" min="256.87" max="256.87" unit="kelvin"/>[\n]"
23:23:50,690 DEBUG main wire:wire:72 -  << "  <humidity value="86" unit="%"/>[\n]"
23:23:50,690 DEBUG main wire:wire:72 -  << "  <pressure value="1019.17" unit="hPa"/>[\n]"
23:23:50,691 DEBUG main wire:wire:72 -  << "  <wind>[\n]"
23:23:50,691 DEBUG main wire:wire:72 -  << "    <speed value="1.32" name="Calm"/>[\n]"
23:23:50,691 DEBUG main wire:wire:72 -  << "    <direction value="61.0008" code="ENE" name="East-northeast"/>[\n]"
23:23:50,691 DEBUG main wire:wire:72 -  << "  </wind>[\n]"
23:23:50,691 DEBUG main wire:wire:72 -  << "  <clouds value="48" name="scattered clouds"/>[\n]"
23:23:50,691 DEBUG main wire:wire:72 -  << "  <visibility/>[\n]"
23:23:50,691 DEBUG main wire:wire:72 -  << "  <precipitation mode="no"/>[\n]"
23:23:50,692 DEBUG main wire:wire:72 -  << "  <weather number="802" value="scattered clouds" icon="03n"/>[\n]"
23:23:50,692 DEBUG main wire:wire:72 -  << "  <lastupdate value="2017-01-09T20:19:26"/>[\n]"
23:23:50,692 DEBUG main wire:wire:72 -  << "</current>[\n]"
23:23:50,693 DEBUG main BasicClientConnectionManager:releaseConnection:203 - Releasing connection org.apache.http.impl.conn.ManagedClientConnectionImpl@7efaad5a
23:23:50,693 DEBUG main BasicClientConnectionManager:releaseConnection:228 - Connection can be kept alive indefinitely
23:33:32,886  INFO main VerifyCityGeoLocationLatitudeByCityNameXmlTest:verifyCityGeoLocationLatitudeTest:30 - <?xml version="1.0" encoding="utf-8"?>
<current>
  <city id="629634" name="Brest">
    <coord lon="23.7" lat="52.1"/>
    <country>BY</country>
    <sun rise="2017-01-09T06:30:28" set="2017-01-09T14:34:42"/>
  </city>
  <temperature value="256.87" min="256.87" max="256.87" unit="kelvin"/>
  <humidity value="86" unit="%"/>
  <pressure value="1019.17" unit="hPa"/>
  <wind>
    <speed value="1.32" name="Calm"/>
    <direction value="61.0008" code="ENE" name="East-northeast"/>
  </wind>
  <clouds value="48" name="scattered clouds"/>
  <visibility/>
  <precipitation mode="no"/>
  <weather number="802" value="scattered clouds" icon="03n"/>
  <lastupdate value="2017-01-09T20:29:36"/>
</current>

